#Timing report of worst 2 path(s)
# Unit scale: 1e-09 seconds
# Output precision: 3

#Path 1
Startpoint: Y.inpad[0] (.input clocked by virtual_io_clock)
Endpoint  : out:optionc.outpad[0] (.output clocked by virtual_io_clock)
Path Type : setup

Point                                                                              Incr      Path
-------------------------------------------------------------------------------------------------
clock virtual_io_clock (rise edge)                                                0.000     0.000
clock source latency                                                              0.000     0.000
input external delay                                                              0.000     0.000
Y.inpad[0] (.input)                                                               0.000     0.000
$iopadmap$helloworldfpga.Y.I_PAD_$inp[0] (BIDIR_CELL)                             0.000     0.000
$iopadmap$helloworldfpga.Y.I_DAT[0] (BIDIR_CELL)                                 10.958    10.958
optionc_LUT2_O.t_frag.XSL[0] (T_FRAG)                                             5.861    16.819
optionc_LUT2_O.t_frag.XZ[0] (T_FRAG)                                              1.406    18.225
$iopadmap$helloworldfpga.optionc.O_DAT[0] (BIDIR_CELL)                            6.337    24.561
$iopadmap$helloworldfpga.optionc.O_PAD_$out[0] (BIDIR_CELL)                       9.809    34.370
out:optionc.outpad[0] (.output)                                                   0.000    34.370
data arrival time                                                                          34.370

clock virtual_io_clock (rise edge)                                                0.000     0.000
clock source latency                                                              0.000     0.000
clock uncertainty                                                                 0.000     0.000
output external delay                                                             0.000     0.000
data required time                                                                          0.000
-------------------------------------------------------------------------------------------------
data required time                                                                          0.000
data arrival time                                                                         -34.370
-------------------------------------------------------------------------------------------------
slack (VIOLATED)                                                                          -34.370


#Path 2
Startpoint: Y.inpad[0] (.input clocked by virtual_io_clock)
Endpoint  : out:optionb.outpad[0] (.output clocked by virtual_io_clock)
Path Type : setup

Point                                                                              Incr      Path
-------------------------------------------------------------------------------------------------
clock virtual_io_clock (rise edge)                                                0.000     0.000
clock source latency                                                              0.000     0.000
input external delay                                                              0.000     0.000
Y.inpad[0] (.input)                                                               0.000     0.000
$iopadmap$helloworldfpga.Y.I_PAD_$inp[0] (BIDIR_CELL)                             0.000     0.000
$iopadmap$helloworldfpga.Y.I_DAT[0] (BIDIR_CELL)                                 10.958    10.958
optionb_LUT3_O.t_frag.XA2[0] (T_FRAG)                                             5.680    16.638
optionb_LUT3_O.t_frag.XZ[0] (T_FRAG)                                              1.605    18.243
$iopadmap$helloworldfpga.optionb.O_DAT[0] (BIDIR_CELL)                            6.272    24.515
$iopadmap$helloworldfpga.optionb.O_PAD_$out[0] (BIDIR_CELL)                       9.809    34.324
out:optionb.outpad[0] (.output)                                                   0.000    34.324
data arrival time                                                                          34.324

clock virtual_io_clock (rise edge)                                                0.000     0.000
clock source latency                                                              0.000     0.000
clock uncertainty                                                                 0.000     0.000
output external delay                                                             0.000     0.000
data required time                                                                          0.000
-------------------------------------------------------------------------------------------------
data required time                                                                          0.000
data arrival time                                                                         -34.324
-------------------------------------------------------------------------------------------------
slack (VIOLATED)                                                                          -34.324


#End of timing report
