#Timing report of worst 2 path(s)
# Unit scale: 1e-09 seconds
# Output precision: 3

#Path 1
Startpoint: Z.inpad[0] (.input clocked by virtual_io_clock)
Endpoint  : out:optionb.outpad[0] (.output clocked by virtual_io_clock)
Path Type : hold

Point                                                                              Incr      Path
-------------------------------------------------------------------------------------------------
clock virtual_io_clock (rise edge)                                                0.000     0.000
clock source latency                                                              0.000     0.000
input external delay                                                              0.000     0.000
Z.inpad[0] (.input)                                                               0.000     0.000
$iopadmap$helloworldfpga.Z.I_PAD_$inp[0] (BIDIR_CELL)                             0.000     0.000
$iopadmap$helloworldfpga.Z.I_DAT[0] (BIDIR_CELL)                                 10.153    10.153
optionb_LUT3_O.t_frag.XSL[0] (T_FRAG)                                             4.316    14.469
optionb_LUT3_O.t_frag.XZ[0] (T_FRAG)                                              1.041    15.510
$iopadmap$helloworldfpga.optionb.O_DAT[0] (BIDIR_CELL)                            6.272    21.782
$iopadmap$helloworldfpga.optionb.O_PAD_$out[0] (BIDIR_CELL)                       9.726    31.508
out:optionb.outpad[0] (.output)                                                   0.000    31.508
data arrival time                                                                          31.508

clock virtual_io_clock (rise edge)                                                0.000     0.000
clock source latency                                                              0.000     0.000
clock uncertainty                                                                 0.000     0.000
output external delay                                                             0.000     0.000
data required time                                                                          0.000
-------------------------------------------------------------------------------------------------
data required time                                                                         -0.000
data arrival time                                                                          31.508
-------------------------------------------------------------------------------------------------
slack (MET)                                                                                31.508


#Path 2
Startpoint: X.inpad[0] (.input clocked by virtual_io_clock)
Endpoint  : out:optionc.outpad[0] (.output clocked by virtual_io_clock)
Path Type : hold

Point                                                                              Incr      Path
-------------------------------------------------------------------------------------------------
clock virtual_io_clock (rise edge)                                                0.000     0.000
clock source latency                                                              0.000     0.000
input external delay                                                              0.000     0.000
X.inpad[0] (.input)                                                               0.000     0.000
$iopadmap$helloworldfpga.X.I_PAD_$inp[0] (BIDIR_CELL)                             0.000     0.000
$iopadmap$helloworldfpga.X.I_DAT[0] (BIDIR_CELL)                                 10.153    10.153
optionc_LUT2_O.t_frag.XAB[0] (T_FRAG)                                             5.448    15.601
optionc_LUT2_O.t_frag.XZ[0] (T_FRAG)                                              0.852    16.454
$iopadmap$helloworldfpga.optionc.O_DAT[0] (BIDIR_CELL)                            6.337    22.790
$iopadmap$helloworldfpga.optionc.O_PAD_$out[0] (BIDIR_CELL)                       9.726    32.516
out:optionc.outpad[0] (.output)                                                   0.000    32.516
data arrival time                                                                          32.516

clock virtual_io_clock (rise edge)                                                0.000     0.000
clock source latency                                                              0.000     0.000
clock uncertainty                                                                 0.000     0.000
output external delay                                                             0.000     0.000
data required time                                                                          0.000
-------------------------------------------------------------------------------------------------
data required time                                                                         -0.000
data arrival time                                                                          32.516
-------------------------------------------------------------------------------------------------
slack (MET)                                                                                32.516


#End of timing report
